Tue, 14 Jun 2011 01:25:11 GMT  ~  info  ~  Logfile created
 ~ (0.000076) PRAGMA table_info("courts")
 ~ (0.000010) SELECT sqlite_version(*)
 ~ (0.000171) CREATE TABLE "courts" ("id" INTEGER NOT NULL PRIMARY KEY AUTOINCREMENT, "name" VARCHAR(50))
 ~ (0.000005) PRAGMA table_info("instructors")
 ~ (0.000090) CREATE TABLE "instructors" ("id" INTEGER NOT NULL PRIMARY KEY AUTOINCREMENT, "name" VARCHAR(50), "username" VARCHAR(50), "location" VARCHAR(50), "lat" FLOAT, "lng" FLOAT, "image" VARCHAR(50) DEFAULT 'http://placesheen.com/100/100', "bio" TEXT, "rate" INTEGER, "rating" INTEGER)
 ~ (0.000004) PRAGMA table_info("timeslots")
 ~ (0.000085) CREATE TABLE "timeslots" ("id" INTEGER NOT NULL PRIMARY KEY AUTOINCREMENT, "t_start" TIMESTAMP, "t_end" TIMESTAMP, "booked" BOOLEAN DEFAULT 'f', "instructor_id" INTEGER NOT NULL, "court_id" INTEGER NOT NULL)
 ~ (0.000066) CREATE INDEX "index_timeslots_instructor" ON "timeslots" ("instructor_id")
 ~ (0.000057) CREATE INDEX "index_timeslots_court" ON "timeslots" ("court_id")
 ~ (0.000180) PRAGMA table_info("courts")
 ~ (0.000122) PRAGMA table_info("courts")
 ~ (0.000006) PRAGMA table_info("courts")
 ~ (0.000008) PRAGMA table_info("instructors")
 ~ (0.000008) PRAGMA table_info("instructors")
 ~ (0.000008) PRAGMA table_info("instructors")
 ~ (0.000007) PRAGMA table_info("instructors")
 ~ (0.000008) PRAGMA table_info("instructors")
 ~ (0.000007) PRAGMA table_info("instructors")
 ~ (0.000007) PRAGMA table_info("instructors")
 ~ (0.000006) PRAGMA table_info("instructors")
 ~ (0.000007) PRAGMA table_info("instructors")
 ~ (0.000009) PRAGMA table_info("instructors")
 ~ (0.000007) PRAGMA table_info("instructors")
 ~ (0.000006) PRAGMA table_info("timeslots")
 ~ (0.000006) PRAGMA table_info("timeslots")
 ~ (0.000006) PRAGMA table_info("timeslots")
 ~ (0.000006) PRAGMA table_info("timeslots")
 ~ (0.000006) PRAGMA table_info("timeslots")
 ~ (0.000007) PRAGMA table_info("timeslots")
 ~ (0.000006) PRAGMA table_info("timeslots")
 ~ (0.000053) SELECT "id", "name", "username", "location", "lat", "lng", "image", "rate", "rating" FROM "instructors" WHERE "username" = 'Raffy89' ORDER BY "id" LIMIT 1
 ~ (0.000035) SELECT "id", "bio" FROM "instructors" WHERE "id" = 4 ORDER BY "id"
 ~ (0.000172) PRAGMA table_info("courts")
 ~ (0.000125) PRAGMA table_info("courts")
 ~ (0.000006) PRAGMA table_info("courts")
 ~ (0.000008) PRAGMA table_info("instructors")
 ~ (0.000007) PRAGMA table_info("instructors")
 ~ (0.000011) PRAGMA table_info("instructors")
 ~ (0.000010) PRAGMA table_info("instructors")
 ~ (0.000007) PRAGMA table_info("instructors")
 ~ (0.000011) PRAGMA table_info("instructors")
 ~ (0.000007) PRAGMA table_info("instructors")
 ~ (0.000007) PRAGMA table_info("instructors")
 ~ (0.000007) PRAGMA table_info("instructors")
 ~ (0.000006) PRAGMA table_info("instructors")
 ~ (0.000006) PRAGMA table_info("instructors")
 ~ (0.000007) PRAGMA table_info("timeslots")
 ~ (0.000006) PRAGMA table_info("timeslots")
 ~ (0.000007) PRAGMA table_info("timeslots")
 ~ (0.000006) PRAGMA table_info("timeslots")
 ~ (0.000006) PRAGMA table_info("timeslots")
 ~ (0.000007) PRAGMA table_info("timeslots")
 ~ (0.000006) PRAGMA table_info("timeslots")
 ~ (0.000166) PRAGMA table_info("courts")
 ~ (0.000122) PRAGMA table_info("courts")
 ~ (0.000006) PRAGMA table_info("courts")
 ~ (0.000008) PRAGMA table_info("instructors")
 ~ (0.000008) PRAGMA table_info("instructors")
 ~ (0.000008) PRAGMA table_info("instructors")
 ~ (0.000007) PRAGMA table_info("instructors")
 ~ (0.000007) PRAGMA table_info("instructors")
 ~ (0.000010) PRAGMA table_info("instructors")
 ~ (0.000007) PRAGMA table_info("instructors")
 ~ (0.000167) PRAGMA table_info("instructors")
 ~ (0.000007) PRAGMA table_info("instructors")
 ~ (0.000006) PRAGMA table_info("instructors")
 ~ (0.000007) PRAGMA table_info("instructors")
 ~ (0.000007) PRAGMA table_info("timeslots")
 ~ (0.000007) PRAGMA table_info("timeslots")
 ~ (0.000006) PRAGMA table_info("timeslots")
 ~ (0.000009) PRAGMA table_info("timeslots")
 ~ (0.000006) PRAGMA table_info("timeslots")
 ~ (0.000006) PRAGMA table_info("timeslots")
 ~ (0.000006) PRAGMA table_info("timeslots")
 ~ (0.000046) SELECT "id", "name", "username", "location", "lat", "lng", "image", "rate", "rating" FROM "instructors" ORDER BY "id"
 ~ (0.000167) PRAGMA table_info("courts")
 ~ (0.000121) PRAGMA table_info("courts")
 ~ (0.000006) PRAGMA table_info("courts")
 ~ (0.000008) PRAGMA table_info("instructors")
 ~ (0.000008) PRAGMA table_info("instructors")
 ~ (0.000008) PRAGMA table_info("instructors")
 ~ (0.000007) PRAGMA table_info("instructors")
 ~ (0.000007) PRAGMA table_info("instructors")
 ~ (0.000007) PRAGMA table_info("instructors")
 ~ (0.000007) PRAGMA table_info("instructors")
 ~ (0.000010) PRAGMA table_info("instructors")
 ~ (0.000008) PRAGMA table_info("instructors")
 ~ (0.000007) PRAGMA table_info("instructors")
 ~ (0.000007) PRAGMA table_info("instructors")
 ~ (0.000011) PRAGMA table_info("timeslots")
 ~ (0.000006) PRAGMA table_info("timeslots")
 ~ (0.000006) PRAGMA table_info("timeslots")
 ~ (0.000006) PRAGMA table_info("timeslots")
 ~ (0.000006) PRAGMA table_info("timeslots")
 ~ (0.000006) PRAGMA table_info("timeslots")
 ~ (0.000006) PRAGMA table_info("timeslots")
 ~ (0.000166) PRAGMA table_info("courts")
 ~ (0.000122) PRAGMA table_info("courts")
 ~ (0.000006) PRAGMA table_info("courts")
 ~ (0.000011) PRAGMA table_info("instructors")
 ~ (0.000008) PRAGMA table_info("instructors")
 ~ (0.000007) PRAGMA table_info("instructors")
 ~ (0.000007) PRAGMA table_info("instructors")
 ~ (0.000006) PRAGMA table_info("instructors")
 ~ (0.000007) PRAGMA table_info("instructors")
 ~ (0.000007) PRAGMA table_info("instructors")
 ~ (0.000007) PRAGMA table_info("instructors")
 ~ (0.000320) PRAGMA table_info("instructors")
 ~ (0.000007) PRAGMA table_info("instructors")
 ~ (0.000007) PRAGMA table_info("instructors")
 ~ (0.000007) PRAGMA table_info("timeslots")
 ~ (0.000006) PRAGMA table_info("timeslots")
 ~ (0.000007) PRAGMA table_info("timeslots")
 ~ (0.000006) PRAGMA table_info("timeslots")
 ~ (0.000006) PRAGMA table_info("timeslots")
 ~ (0.000006) PRAGMA table_info("timeslots")
 ~ (0.000006) PRAGMA table_info("timeslots")
 ~ (0.000048) SELECT "id", "name", "username", "location", "lat", "lng", "image", "rate", "rating" FROM "instructors" ORDER BY "id"
 ~ (0.000167) PRAGMA table_info("courts")
 ~ (0.000125) PRAGMA table_info("courts")
 ~ (0.000006) PRAGMA table_info("courts")
 ~ (0.000009) PRAGMA table_info("instructors")
 ~ (0.000007) PRAGMA table_info("instructors")
 ~ (0.000010) PRAGMA table_info("instructors")
 ~ (0.000010) PRAGMA table_info("instructors")
 ~ (0.000009) PRAGMA table_info("instructors")
 ~ (0.000007) PRAGMA table_info("instructors")
 ~ (0.000012) PRAGMA table_info("instructors")
 ~ (0.000007) PRAGMA table_info("instructors")
 ~ (0.000007) PRAGMA table_info("instructors")
 ~ (0.000007) PRAGMA table_info("instructors")
 ~ (0.000007) PRAGMA table_info("instructors")
 ~ (0.000007) PRAGMA table_info("timeslots")
 ~ (0.000007) PRAGMA table_info("timeslots")
 ~ (0.000006) PRAGMA table_info("timeslots")
 ~ (0.000006) PRAGMA table_info("timeslots")
 ~ (0.000006) PRAGMA table_info("timeslots")
 ~ (0.000007) PRAGMA table_info("timeslots")
 ~ (0.000006) PRAGMA table_info("timeslots")
 ~ (0.000164) PRAGMA table_info("courts")
 ~ (0.000125) PRAGMA table_info("courts")
 ~ (0.000006) PRAGMA table_info("courts")
 ~ (0.000009) PRAGMA table_info("instructors")
 ~ (0.000011) PRAGMA table_info("instructors")
 ~ (0.000009) PRAGMA table_info("instructors")
 ~ (0.000007) PRAGMA table_info("instructors")
 ~ (0.000007) PRAGMA table_info("instructors")
 ~ (0.000010) PRAGMA table_info("instructors")
 ~ (0.000007) PRAGMA table_info("instructors")
 ~ (0.000007) PRAGMA table_info("instructors")
 ~ (0.000006) PRAGMA table_info("instructors")
 ~ (0.000006) PRAGMA table_info("instructors")
 ~ (0.000006) PRAGMA table_info("instructors")
 ~ (0.000006) PRAGMA table_info("timeslots")
 ~ (0.000007) PRAGMA table_info("timeslots")
 ~ (0.000006) PRAGMA table_info("timeslots")
 ~ (0.000006) PRAGMA table_info("timeslots")
 ~ (0.000006) PRAGMA table_info("timeslots")
 ~ (0.000006) PRAGMA table_info("timeslots")
 ~ (0.000006) PRAGMA table_info("timeslots")
 ~ (0.000046) SELECT "id", "name", "username", "location", "lat", "lng", "image", "rate", "rating" FROM "instructors" ORDER BY "id"
 ~ (0.000166) PRAGMA table_info("courts")
 ~ (0.000126) PRAGMA table_info("courts")
 ~ (0.000006) PRAGMA table_info("courts")
 ~ (0.000009) PRAGMA table_info("instructors")
 ~ (0.000008) PRAGMA table_info("instructors")
 ~ (0.000010) PRAGMA table_info("instructors")
 ~ (0.000007) PRAGMA table_info("instructors")
 ~ (0.000007) PRAGMA table_info("instructors")
 ~ (0.000009) PRAGMA table_info("instructors")
 ~ (0.000007) PRAGMA table_info("instructors")
 ~ (0.000006) PRAGMA table_info("instructors")
 ~ (0.000007) PRAGMA table_info("instructors")
 ~ (0.000007) PRAGMA table_info("instructors")
 ~ (0.000007) PRAGMA table_info("instructors")
 ~ (0.000007) PRAGMA table_info("timeslots")
 ~ (0.000006) PRAGMA table_info("timeslots")
 ~ (0.000007) PRAGMA table_info("timeslots")
 ~ (0.000007) PRAGMA table_info("timeslots")
 ~ (0.000006) PRAGMA table_info("timeslots")
 ~ (0.000006) PRAGMA table_info("timeslots")
 ~ (0.000006) PRAGMA table_info("timeslots")
 ~ (0.000168) PRAGMA table_info("courts")
 ~ (0.000122) PRAGMA table_info("courts")
 ~ (0.000005) PRAGMA table_info("courts")
 ~ (0.000008) PRAGMA table_info("instructors")
 ~ (0.000008) PRAGMA table_info("instructors")
 ~ (0.000007) PRAGMA table_info("instructors")
 ~ (0.000008) PRAGMA table_info("instructors")
 ~ (0.000007) PRAGMA table_info("instructors")
 ~ (0.000007) PRAGMA table_info("instructors")
 ~ (0.000007) PRAGMA table_info("instructors")
 ~ (0.000007) PRAGMA table_info("instructors")
 ~ (0.000007) PRAGMA table_info("instructors")
 ~ (0.000007) PRAGMA table_info("instructors")
 ~ (0.000007) PRAGMA table_info("instructors")
 ~ (0.000007) PRAGMA table_info("timeslots")
 ~ (0.000006) PRAGMA table_info("timeslots")
 ~ (0.000006) PRAGMA table_info("timeslots")
 ~ (0.000007) PRAGMA table_info("timeslots")
 ~ (0.000006) PRAGMA table_info("timeslots")
 ~ (0.000006) PRAGMA table_info("timeslots")
 ~ (0.000006) PRAGMA table_info("timeslots")
 ~ (0.000046) SELECT "id", "name", "username", "location", "lat", "lng", "image", "rate", "rating" FROM "instructors" ORDER BY "id" LIMIT 1
 ~ (0.000022) SELECT "id", "name", "username", "location", "lat", "lng", "image", "rate", "rating" FROM "instructors" ORDER BY "id" LIMIT 1
 ~ (0.000021) SELECT "id", "name", "username", "location", "lat", "lng", "image", "rate", "rating" FROM "instructors" ORDER BY "id" LIMIT 1
 ~ (0.000172) PRAGMA table_info("courts")
 ~ (0.000123) PRAGMA table_info("courts")
 ~ (0.000006) PRAGMA table_info("courts")
 ~ (0.000015) PRAGMA table_info("instructors")
 ~ (0.000008) PRAGMA table_info("instructors")
 ~ (0.000007) PRAGMA table_info("instructors")
 ~ (0.000008) PRAGMA table_info("instructors")
 ~ (0.000007) PRAGMA table_info("instructors")
 ~ (0.000007) PRAGMA table_info("instructors")
 ~ (0.000006) PRAGMA table_info("instructors")
 ~ (0.000010) PRAGMA table_info("instructors")
 ~ (0.000007) PRAGMA table_info("instructors")
 ~ (0.000010) PRAGMA table_info("instructors")
 ~ (0.000006) PRAGMA table_info("instructors")
 ~ (0.000007) PRAGMA table_info("timeslots")
 ~ (0.000006) PRAGMA table_info("timeslots")
 ~ (0.000007) PRAGMA table_info("timeslots")
 ~ (0.000006) PRAGMA table_info("timeslots")
 ~ (0.000006) PRAGMA table_info("timeslots")
 ~ (0.000006) PRAGMA table_info("timeslots")
 ~ (0.000006) PRAGMA table_info("timeslots")
 ~ (0.000078) PRAGMA table_info("courts")
 ~ (0.000011) SELECT sqlite_version(*)
 ~ (0.000170) CREATE TABLE "courts" ("id" INTEGER NOT NULL PRIMARY KEY AUTOINCREMENT, "name" VARCHAR(50))
 ~ (0.000005) PRAGMA table_info("instructors")
 ~ (0.000082) CREATE TABLE "instructors" ("id" INTEGER NOT NULL PRIMARY KEY AUTOINCREMENT, "name" VARCHAR(50), "username" VARCHAR(50), "location" VARCHAR(50), "lat" FLOAT, "lng" FLOAT, "image" VARCHAR(50) DEFAULT 'http://placesheen.com/100/100', "bio" TEXT, "rate" INTEGER, "rating" INTEGER)
 ~ (0.000005) PRAGMA table_info("timeslots")
 ~ (0.000077) CREATE TABLE "timeslots" ("id" INTEGER NOT NULL PRIMARY KEY AUTOINCREMENT, "t_start" TIMESTAMP, "t_end" TIMESTAMP, "booked" BOOLEAN DEFAULT 'f', "instructor_id" INTEGER NOT NULL, "court_id" INTEGER NOT NULL)
 ~ (0.000064) CREATE INDEX "index_timeslots_instructor" ON "timeslots" ("instructor_id")
 ~ (0.000057) CREATE INDEX "index_timeslots_court" ON "timeslots" ("court_id")
 ~ (0.000077) PRAGMA table_info("courts")
 ~ (0.000010) SELECT sqlite_version(*)
 ~ (0.000174) CREATE TABLE "courts" ("id" INTEGER NOT NULL PRIMARY KEY AUTOINCREMENT, "name" VARCHAR(50))
 ~ (0.000005) PRAGMA table_info("instructors")
 ~ (0.000084) CREATE TABLE "instructors" ("id" INTEGER NOT NULL PRIMARY KEY AUTOINCREMENT, "name" VARCHAR(50), "username" VARCHAR(50), "location" VARCHAR(50), "lat" FLOAT, "lng" FLOAT, "image" VARCHAR(50) DEFAULT 'http://placesheen.com/100/100', "bio" TEXT, "rate" INTEGER, "rating" INTEGER)
 ~ (0.000005) PRAGMA table_info("timeslots")
 ~ (0.000075) CREATE TABLE "timeslots" ("id" INTEGER NOT NULL PRIMARY KEY AUTOINCREMENT, "t_start" TIMESTAMP, "t_end" TIMESTAMP, "booked" BOOLEAN DEFAULT 'f', "instructor_id" INTEGER NOT NULL, "court_id" INTEGER NOT NULL)
 ~ (0.000064) CREATE INDEX "index_timeslots_instructor" ON "timeslots" ("instructor_id")
 ~ (0.000056) CREATE INDEX "index_timeslots_court" ON "timeslots" ("court_id")
 ~ (0.000176) PRAGMA table_info("courts")
 ~ (0.000119) PRAGMA table_info("courts")
 ~ (0.000005) PRAGMA table_info("courts")
 ~ (0.000008) PRAGMA table_info("instructors")
 ~ (0.000008) PRAGMA table_info("instructors")
 ~ (0.000007) PRAGMA table_info("instructors")
 ~ (0.000007) PRAGMA table_info("instructors")
 ~ (0.000007) PRAGMA table_info("instructors")
 ~ (0.000008) PRAGMA table_info("instructors")
 ~ (0.000007) PRAGMA table_info("instructors")
 ~ (0.000007) PRAGMA table_info("instructors")
 ~ (0.000010) PRAGMA table_info("instructors")
 ~ (0.000008) PRAGMA table_info("instructors")
 ~ (0.000007) PRAGMA table_info("instructors")
 ~ (0.000009) PRAGMA table_info("timeslots")
 ~ (0.000006) PRAGMA table_info("timeslots")
 ~ (0.000006) PRAGMA table_info("timeslots")
 ~ (0.000006) PRAGMA table_info("timeslots")
 ~ (0.000006) PRAGMA table_info("timeslots")
 ~ (0.000007) PRAGMA table_info("timeslots")
 ~ (0.000005) PRAGMA table_info("timeslots")
 ~ (0.000047) SELECT "id", "name", "username", "location", "lat", "lng", "image", "rate", "rating" FROM "instructors" ORDER BY "id" LIMIT 1
 ~ (0.000022) SELECT "id", "name", "username", "location", "lat", "lng", "image", "rate", "rating" FROM "instructors" ORDER BY "id" LIMIT 1
 ~ (0.000022) SELECT "id", "name", "username", "location", "lat", "lng", "image", "rate", "rating" FROM "instructors" ORDER BY "id" LIMIT 1
 ~ (0.000166) PRAGMA table_info("courts")
 ~ (0.000122) PRAGMA table_info("courts")
 ~ (0.000006) PRAGMA table_info("courts")
 ~ (0.000008) PRAGMA table_info("instructors")
 ~ (0.000008) PRAGMA table_info("instructors")
 ~ (0.000008) PRAGMA table_info("instructors")
 ~ (0.000007) PRAGMA table_info("instructors")
 ~ (0.000008) PRAGMA table_info("instructors")
 ~ (0.000007) PRAGMA table_info("instructors")
 ~ (0.000007) PRAGMA table_info("instructors")
 ~ (0.000007) PRAGMA table_info("instructors")
 ~ (0.000007) PRAGMA table_info("instructors")
 ~ (0.000007) PRAGMA table_info("instructors")
 ~ (0.000007) PRAGMA table_info("instructors")
 ~ (0.000009) PRAGMA table_info("timeslots")
 ~ (0.000006) PRAGMA table_info("timeslots")
 ~ (0.000006) PRAGMA table_info("timeslots")
 ~ (0.000007) PRAGMA table_info("timeslots")
 ~ (0.000006) PRAGMA table_info("timeslots")
 ~ (0.000006) PRAGMA table_info("timeslots")
 ~ (0.000006) PRAGMA table_info("timeslots")
 ~ (0.000175) PRAGMA table_info("courts")
 ~ (0.000127) PRAGMA table_info("courts")
 ~ (0.000006) PRAGMA table_info("courts")
 ~ (0.000011) PRAGMA table_info("instructors")
 ~ (0.000008) PRAGMA table_info("instructors")
 ~ (0.000007) PRAGMA table_info("instructors")
 ~ (0.000011) PRAGMA table_info("instructors")
 ~ (0.000007) PRAGMA table_info("instructors")
 ~ (0.000010) PRAGMA table_info("instructors")
 ~ (0.000007) PRAGMA table_info("instructors")
 ~ (0.000007) PRAGMA table_info("instructors")
 ~ (0.000007) PRAGMA table_info("instructors")
 ~ (0.000008) PRAGMA table_info("instructors")
 ~ (0.000007) PRAGMA table_info("instructors")
 ~ (0.000012) PRAGMA table_info("timeslots")
 ~ (0.000007) PRAGMA table_info("timeslots")
 ~ (0.000006) PRAGMA table_info("timeslots")
 ~ (0.000006) PRAGMA table_info("timeslots")
 ~ (0.000006) PRAGMA table_info("timeslots")
 ~ (0.000006) PRAGMA table_info("timeslots")
 ~ (0.000006) PRAGMA table_info("timeslots")
 ~ (0.000175) PRAGMA table_info("courts")
 ~ (0.000121) PRAGMA table_info("courts")
 ~ (0.000006) PRAGMA table_info("courts")
 ~ (0.000008) PRAGMA table_info("instructors")
 ~ (0.000007) PRAGMA table_info("instructors")
 ~ (0.000007) PRAGMA table_info("instructors")
 ~ (0.000007) PRAGMA table_info("instructors")
 ~ (0.000007) PRAGMA table_info("instructors")
 ~ (0.000007) PRAGMA table_info("instructors")
 ~ (0.000007) PRAGMA table_info("instructors")
 ~ (0.000007) PRAGMA table_info("instructors")
 ~ (0.000007) PRAGMA table_info("instructors")
 ~ (0.000007) PRAGMA table_info("instructors")
 ~ (0.000007) PRAGMA table_info("instructors")
 ~ (0.000006) PRAGMA table_info("timeslots")
 ~ (0.000006) PRAGMA table_info("timeslots")
 ~ (0.000006) PRAGMA table_info("timeslots")
 ~ (0.000006) PRAGMA table_info("timeslots")
 ~ (0.000006) PRAGMA table_info("timeslots")
 ~ (0.000006) PRAGMA table_info("timeslots")
 ~ (0.000006) PRAGMA table_info("timeslots")
 ~ (0.000173) PRAGMA table_info("courts")
 ~ (0.000129) PRAGMA table_info("courts")
 ~ (0.000006) PRAGMA table_info("courts")
 ~ (0.000008) PRAGMA table_info("instructors")
 ~ (0.000008) PRAGMA table_info("instructors")
 ~ (0.000007) PRAGMA table_info("instructors")
 ~ (0.000007) PRAGMA table_info("instructors")
 ~ (0.000007) PRAGMA table_info("instructors")
 ~ (0.000008) PRAGMA table_info("instructors")
 ~ (0.000007) PRAGMA table_info("instructors")
 ~ (0.000007) PRAGMA table_info("instructors")
 ~ (0.000007) PRAGMA table_info("instructors")
 ~ (0.000007) PRAGMA table_info("instructors")
 ~ (0.000007) PRAGMA table_info("instructors")
 ~ (0.000006) PRAGMA table_info("timeslots")
 ~ (0.000006) PRAGMA table_info("timeslots")
 ~ (0.000006) PRAGMA table_info("timeslots")
 ~ (0.000007) PRAGMA table_info("timeslots")
 ~ (0.000006) PRAGMA table_info("timeslots")
 ~ (0.000006) PRAGMA table_info("timeslots")
 ~ (0.000006) PRAGMA table_info("timeslots")
 ~ (0.000071) PRAGMA table_info("courts")
 ~ (0.000010) SELECT sqlite_version(*)
 ~ (0.000166) CREATE TABLE "courts" ("id" INTEGER NOT NULL PRIMARY KEY AUTOINCREMENT, "name" VARCHAR(50))
 ~ (0.000005) PRAGMA table_info("instructors")
 ~ (0.000080) CREATE TABLE "instructors" ("id" INTEGER NOT NULL PRIMARY KEY AUTOINCREMENT, "name" VARCHAR(50), "username" VARCHAR(50), "location" VARCHAR(50), "lat" FLOAT, "lng" FLOAT, "image" VARCHAR(50) DEFAULT 'http://placesheen.com/100/100', "bio" TEXT, "rate" INTEGER, "rating" INTEGER)
 ~ (0.000005) PRAGMA table_info("timeslots")
 ~ (0.000072) CREATE TABLE "timeslots" ("id" INTEGER NOT NULL PRIMARY KEY AUTOINCREMENT, "t_start" TIMESTAMP, "t_end" TIMESTAMP, "booked" BOOLEAN DEFAULT 'f', "instructor_id" INTEGER NOT NULL, "court_id" INTEGER NOT NULL)
 ~ (0.000062) CREATE INDEX "index_timeslots_instructor" ON "timeslots" ("instructor_id")
 ~ (0.000055) CREATE INDEX "index_timeslots_court" ON "timeslots" ("court_id")
 ~ (0.000177) PRAGMA table_info("courts")
 ~ (0.000123) PRAGMA table_info("courts")
 ~ (0.000006) PRAGMA table_info("courts")
 ~ (0.000008) PRAGMA table_info("instructors")
 ~ (0.000008) PRAGMA table_info("instructors")
 ~ (0.000007) PRAGMA table_info("instructors")
 ~ (0.000007) PRAGMA table_info("instructors")
 ~ (0.000007) PRAGMA table_info("instructors")
 ~ (0.000007) PRAGMA table_info("instructors")
 ~ (0.000008) PRAGMA table_info("instructors")
 ~ (0.000007) PRAGMA table_info("instructors")
 ~ (0.000007) PRAGMA table_info("instructors")
 ~ (0.000007) PRAGMA table_info("instructors")
 ~ (0.000007) PRAGMA table_info("instructors")
 ~ (0.000006) PRAGMA table_info("timeslots")
 ~ (0.000007) PRAGMA table_info("timeslots")
 ~ (0.000006) PRAGMA table_info("timeslots")
 ~ (0.000006) PRAGMA table_info("timeslots")
 ~ (0.000007) PRAGMA table_info("timeslots")
 ~ (0.000006) PRAGMA table_info("timeslots")
 ~ (0.000006) PRAGMA table_info("timeslots")
 ~ (0.000044) SELECT "id", "name", "username", "location", "lat", "lng", "image", "rate", "rating" FROM "instructors" ORDER BY "id" LIMIT 1
 ~ (0.000022) SELECT "id", "name", "username", "location", "lat", "lng", "image", "rate", "rating" FROM "instructors" ORDER BY "id" LIMIT 1
 ~ (0.000022) SELECT "id", "name", "username", "location", "lat", "lng", "image", "rate", "rating" FROM "instructors" ORDER BY "id" LIMIT 1
 ~ (0.000170) PRAGMA table_info("courts")
 ~ (0.000123) PRAGMA table_info("courts")
 ~ (0.000006) PRAGMA table_info("courts")
 ~ (0.000008) PRAGMA table_info("instructors")
 ~ (0.000007) PRAGMA table_info("instructors")
 ~ (0.000008) PRAGMA table_info("instructors")
 ~ (0.000008) PRAGMA table_info("instructors")
 ~ (0.000007) PRAGMA table_info("instructors")
 ~ (0.000008) PRAGMA table_info("instructors")
 ~ (0.000007) PRAGMA table_info("instructors")
 ~ (0.000008) PRAGMA table_info("instructors")
 ~ (0.000007) PRAGMA table_info("instructors")
 ~ (0.000007) PRAGMA table_info("instructors")
 ~ (0.000007) PRAGMA table_info("instructors")
 ~ (0.000007) PRAGMA table_info("timeslots")
 ~ (0.000006) PRAGMA table_info("timeslots")
 ~ (0.000006) PRAGMA table_info("timeslots")
 ~ (0.000007) PRAGMA table_info("timeslots")
 ~ (0.000006) PRAGMA table_info("timeslots")
 ~ (0.000007) PRAGMA table_info("timeslots")
 ~ (0.000007) PRAGMA table_info("timeslots")
 ~ (0.000173) PRAGMA table_info("courts")
 ~ (0.000124) PRAGMA table_info("courts")
 ~ (0.000006) PRAGMA table_info("courts")
 ~ (0.000012) PRAGMA table_info("instructors")
 ~ (0.000008) PRAGMA table_info("instructors")
 ~ (0.000007) PRAGMA table_info("instructors")
 ~ (0.000010) PRAGMA table_info("instructors")
 ~ (0.000007) PRAGMA table_info("instructors")
 ~ (0.000010) PRAGMA table_info("instructors")
 ~ (0.000007) PRAGMA table_info("instructors")
 ~ (0.000007) PRAGMA table_info("instructors")
 ~ (0.000007) PRAGMA table_info("instructors")
 ~ (0.000007) PRAGMA table_info("instructors")
 ~ (0.000007) PRAGMA table_info("instructors")
 ~ (0.000011) PRAGMA table_info("timeslots")
 ~ (0.000006) PRAGMA table_info("timeslots")
 ~ (0.000006) PRAGMA table_info("timeslots")
 ~ (0.000006) PRAGMA table_info("timeslots")
 ~ (0.000006) PRAGMA table_info("timeslots")
 ~ (0.000006) PRAGMA table_info("timeslots")
 ~ (0.000006) PRAGMA table_info("timeslots")
 ~ (0.000053) SELECT "id", "name", "username", "location", "lat", "lng", "image", "rate", "rating" FROM "instructors" ORDER BY "id"
 ~ (0.000046) SELECT "id", "t_start", "t_end", "booked", "instructor_id", "court_id" FROM "timeslots" ORDER BY "id"
 ~ (0.000039) SELECT "id", "name" FROM "courts" ORDER BY "id"
 ~ (0.000037) SELECT "id", "name" FROM "courts" ORDER BY "id"
 ~ (0.001182) INSERT INTO "courts" ("name") VALUES ('Court 1')
 ~ (0.001100) INSERT INTO "courts" ("name") VALUES ('Court 2')
 ~ (0.001084) INSERT INTO "courts" ("name") VALUES ('Court 3')
 ~ (0.001075) INSERT INTO "courts" ("name") VALUES ('Court 4')
 ~ (0.001080) INSERT INTO "courts" ("name") VALUES ('Court 5')
 ~ (0.001089) INSERT INTO "courts" ("name") VALUES ('Court 6')
 ~ (0.001612) INSERT INTO "courts" ("name") VALUES ('Court 7')
 ~ (0.001063) INSERT INTO "courts" ("name") VALUES ('Court 8')
 ~ (0.001057) INSERT INTO "courts" ("name") VALUES ('Court 9')
 ~ (0.001105) INSERT INTO "courts" ("name") VALUES ('Court 10')
 ~ (0.001084) INSERT INTO "courts" ("name") VALUES ('Court 11')
 ~ (0.001112) INSERT INTO "courts" ("name") VALUES ('Court 12')
 ~ (0.001105) INSERT INTO "courts" ("name") VALUES ('Court 13')
 ~ (0.001090) INSERT INTO "courts" ("name") VALUES ('Court 14')
 ~ (0.001125) INSERT INTO "courts" ("name") VALUES ('Court 15')
 ~ (0.001137) INSERT INTO "courts" ("name") VALUES ('Court 16')
 ~ (0.001062) INSERT INTO "courts" ("name") VALUES ('Court 17')
 ~ (0.001066) INSERT INTO "courts" ("name") VALUES ('Court 18')
 ~ (0.001091) INSERT INTO "courts" ("name") VALUES ('Court 19')
 ~ (0.001147) INSERT INTO "courts" ("name") VALUES ('Court 20')
 ~ (0.001761) INSERT INTO "courts" ("name") VALUES ('Court 21')
 ~ (0.001066) INSERT INTO "courts" ("name") VALUES ('Court 22')
 ~ (0.001061) INSERT INTO "courts" ("name") VALUES ('Court 23')
 ~ (0.001249) INSERT INTO "courts" ("name") VALUES ('Court 24')
 ~ (0.001074) INSERT INTO "courts" ("name") VALUES ('Court 25')
 ~ (0.001068) INSERT INTO "courts" ("name") VALUES ('Court 26')
 ~ (0.001148) INSERT INTO "courts" ("name") VALUES ('Court 27')
 ~ (0.001116) INSERT INTO "courts" ("name") VALUES ('Court 28')
 ~ (0.001232) INSERT INTO "courts" ("name") VALUES ('Court 29')
 ~ (0.001069) INSERT INTO "courts" ("name") VALUES ('Court 30')
 ~ (0.001142) INSERT INTO "courts" ("name") VALUES ('Court 31')
 ~ (0.001123) INSERT INTO "courts" ("name") VALUES ('Court 32')
 ~ (0.025847) INSERT INTO "courts" ("name") VALUES ('Court 33')
 ~ (0.003286) INSERT INTO "courts" ("name") VALUES ('Court 34')
 ~ (0.001064) INSERT INTO "courts" ("name") VALUES ('Court 35')
 ~ (0.001083) INSERT INTO "courts" ("name") VALUES ('Court 36')
 ~ (0.001093) INSERT INTO "courts" ("name") VALUES ('Court 37')
 ~ (0.001087) INSERT INTO "courts" ("name") VALUES ('Court 38')
 ~ (0.001073) INSERT INTO "courts" ("name") VALUES ('Court 39')
 ~ (0.001085) INSERT INTO "courts" ("name") VALUES ('Court 40')
 ~ (0.001126) INSERT INTO "courts" ("name") VALUES ('Court 41')
 ~ (0.001063) INSERT INTO "courts" ("name") VALUES ('Court 42')
 ~ (0.001106) INSERT INTO "courts" ("name") VALUES ('Court 43')
 ~ (0.001226) INSERT INTO "courts" ("name") VALUES ('Court 44')
 ~ (0.001069) INSERT INTO "courts" ("name") VALUES ('Court 45')
 ~ (0.001058) INSERT INTO "courts" ("name") VALUES ('Court 46')
 ~ (0.001111) INSERT INTO "courts" ("name") VALUES ('Court 47')
 ~ (0.001152) INSERT INTO "courts" ("name") VALUES ('Court 48')
 ~ (0.001244) INSERT INTO "courts" ("name") VALUES ('Court 49')
 ~ (0.001111) INSERT INTO "courts" ("name") VALUES ('Court 50')
 ~ (0.001088) INSERT INTO "courts" ("name") VALUES ('Court 51')
 ~ (0.001065) INSERT INTO "courts" ("name") VALUES ('Court 52')
 ~ (0.001073) INSERT INTO "courts" ("name") VALUES ('Court 53')
 ~ (0.001076) INSERT INTO "courts" ("name") VALUES ('Court 54')
 ~ (0.001111) INSERT INTO "courts" ("name") VALUES ('Court 55')
 ~ (0.001141) INSERT INTO "courts" ("name") VALUES ('Court 56')
 ~ (0.001106) INSERT INTO "courts" ("name") VALUES ('Court 57')
 ~ (0.081359) INSERT INTO "courts" ("name") VALUES ('Court 58')
 ~ (0.001600) INSERT INTO "courts" ("name") VALUES ('Court 59')
 ~ (0.001078) INSERT INTO "courts" ("name") VALUES ('Court 60')
 ~ (0.001061) INSERT INTO "courts" ("name") VALUES ('Court 61')
 ~ (0.001063) INSERT INTO "courts" ("name") VALUES ('Court 62')
 ~ (0.001055) INSERT INTO "courts" ("name") VALUES ('Court 63')
 ~ (0.001064) INSERT INTO "courts" ("name") VALUES ('Court 64')
 ~ (0.001073) INSERT INTO "courts" ("name") VALUES ('Court 65')
 ~ (0.001050) INSERT INTO "courts" ("name") VALUES ('Court 66')
 ~ (0.001060) INSERT INTO "courts" ("name") VALUES ('Court 67')
 ~ (0.001080) INSERT INTO "courts" ("name") VALUES ('Court 68')
 ~ (0.001063) INSERT INTO "courts" ("name") VALUES ('Court 69')
 ~ (0.001055) INSERT INTO "courts" ("name") VALUES ('Court 70')
 ~ (0.001215) INSERT INTO "courts" ("name") VALUES ('Court 71')
 ~ (0.001070) INSERT INTO "courts" ("name") VALUES ('Court 72')
 ~ (0.001068) INSERT INTO "courts" ("name") VALUES ('Court 73')
 ~ (0.001058) INSERT INTO "courts" ("name") VALUES ('Court 74')
 ~ (0.001074) INSERT INTO "courts" ("name") VALUES ('Court 75')
 ~ (0.001077) INSERT INTO "courts" ("name") VALUES ('Court 76')
 ~ (0.001058) INSERT INTO "courts" ("name") VALUES ('Court 77')
 ~ (0.001063) INSERT INTO "courts" ("name") VALUES ('Court 78')
 ~ (0.001078) INSERT INTO "courts" ("name") VALUES ('Court 79')
 ~ (0.001061) INSERT INTO "courts" ("name") VALUES ('Court 80')
 ~ (0.001099) INSERT INTO "courts" ("name") VALUES ('Court 81')
 ~ (0.001110) INSERT INTO "courts" ("name") VALUES ('Court 82')
 ~ (0.001066) INSERT INTO "courts" ("name") VALUES ('Court 83')
 ~ (0.001062) INSERT INTO "courts" ("name") VALUES ('Court 84')
 ~ (0.001055) INSERT INTO "courts" ("name") VALUES ('Court 85')
 ~ (0.001024) INSERT INTO "courts" ("name") VALUES ('Court 86')
 ~ (0.003061) INSERT INTO "courts" ("name") VALUES ('Court 87')
 ~ (0.002263) INSERT INTO "courts" ("name") VALUES ('Court 88')
 ~ (0.001152) INSERT INTO "courts" ("name") VALUES ('Court 89')
 ~ (0.002386) INSERT INTO "courts" ("name") VALUES ('Court 90')
 ~ (0.001189) INSERT INTO "courts" ("name") VALUES ('Court 91')
 ~ (0.001649) INSERT INTO "courts" ("name") VALUES ('Court 92')
 ~ (0.001169) INSERT INTO "courts" ("name") VALUES ('Court 93')
 ~ (0.001295) INSERT INTO "courts" ("name") VALUES ('Court 94')
 ~ (0.001174) INSERT INTO "courts" ("name") VALUES ('Court 95')
 ~ (0.000998) INSERT INTO "courts" ("name") VALUES ('Court 96')
 ~ (0.002061) INSERT INTO "courts" ("name") VALUES ('Court 97')
 ~ (0.001984) INSERT INTO "courts" ("name") VALUES ('Court 98')
 ~ (0.001056) INSERT INTO "courts" ("name") VALUES ('Court 99')
 ~ (0.001056) INSERT INTO "courts" ("name") VALUES ('Court 100')
 ~ (0.000037) SELECT "id", "name" FROM "courts" ORDER BY "id"
